{
  "RSpec": {
    "coverage": {
      "/Users/dolgishev/Work/web_crawler/spec/support/fake_website.rb": [
        1,
        1,
        null,
        1,
        1,
        6,
        null,
        null,
        1,
        6,
        null,
        null,
        1,
        6,
        null,
        null,
        1,
        6,
        null,
        null,
        1,
        6,
        null,
        null,
        1,
        6,
        null,
        null,
        1,
        6,
        null,
        null,
        1,
        6,
        null,
        null,
        1,
        null,
        1,
        48,
        48,
        null,
        48,
        48,
        null,
        null
      ],
      "/Users/dolgishev/Work/web_crawler/crawler/crawler.rb": [
        1,
        1,
        1,
        null,
        1,
        1,
        1,
        1,
        null,
        1,
        1,
        1,
        1,
        15,
        null,
        null,
        null,
        null,
        1,
        6,
        null,
        null,
        1,
        null,
        1,
        48,
        null,
        48,
        null,
        48,
        null,
        48,
        null,
        null,
        null,
        null,
        null,
        null,
        48,
        48,
        null,
        48,
        42,
        42,
        null,
        42,
        42,
        42,
        null,
        null,
        null,
        48,
        null,
        null,
        1,
        48,
        null,
        null,
        null
      ],
      "/Users/dolgishev/Work/web_crawler/crawler/http_client.rb": [
        1,
        1,
        null,
        1,
        1,
        1,
        null,
        1,
        2,
        null,
        null,
        null,
        2,
        2,
        2,
        null,
        null,
        null,
        1,
        49,
        null,
        1,
        null,
        null,
        null
      ],
      "/Users/dolgishev/Work/web_crawler/crawler/parser.rb": [
        1,
        null,
        1,
        1,
        1,
        50,
        null,
        null,
        1,
        139,
        null,
        null,
        1,
        49,
        null,
        null,
        null
      ],
      "/Users/dolgishev/Work/web_crawler/crawler/page.rb": [
        1,
        1,
        1,
        null,
        1,
        48,
        48,
        48,
        48,
        48,
        null,
        null,
        1,
        42,
        null,
        null,
        1,
        8,
        null,
        15,
        null,
        null,
        null
      ],
      "/Users/dolgishev/Work/web_crawler/spec/crawler_spec.rb": [
        1,
        1,
        2,
        7,
        7,
        3,
        4,
        4,
        4,
        null,
        1,
        6,
        1,
        null,
        null,
        null,
        null,
        null,
        null,
        null,
        null,
        null,
        null,
        null,
        null,
        null,
        2,
        null,
        null,
        1,
        1,
        null,
        null,
        1,
        1,
        null,
        null,
        1,
        1,
        1,
        null,
        null,
        1,
        1,
        3,
        3,
        null,
        null,
        null,
        1,
        1,
        3,
        3,
        null,
        null,
        null,
        null,
        null,
        1,
        1,
        1,
        null,
        null,
        2,
        2,
        null,
        1,
        1,
        null,
        null,
        2,
        2,
        null,
        2,
        2,
        null,
        1,
        null,
        1,
        null,
        null,
        null,
        null,
        null,
        null,
        null,
        null,
        null,
        null,
        2,
        null,
        null,
        null
      ],
      "/Users/dolgishev/Work/web_crawler/spec/http_client_spec.rb": [
        1,
        2,
        null,
        1,
        1,
        1,
        null,
        null,
        1,
        null,
        null,
        null
      ],
      "/Users/dolgishev/Work/web_crawler/spec/parser_spec.rb": [
        1,
        null,
        1,
        3,
        3,
        3,
        null,
        3,
        null,
        1,
        1,
        1,
        null,
        null,
        null,
        1,
        1,
        1,
        null,
        null,
        null
      ]
    },
    "timestamp": 1471379694
  }
}
